<?xml version='1.0' encoding='UTF-8'?>
<testsuite hostname="DESKTOP-VG64LBK" name="TestFilter" tests="13" errors="0" failures="0" skipped="0" time="0.326" timestamp="2025-02-17T11:12:26">
          <properties>
      <property name="java.specification.version" value="17"/><property name="sun.cpu.isalist" value="amd64"/><property name="sun.jnu.encoding" value="Cp1252"/><property name="sun.arch.data.model" value="64"/><property name="java.vendor.url" value="https://java.oracle.com/"/><property name="sun.boot.library.path" value="C:\Program Files\java\jdk-17\bin"/><property name="sun.java.command" value="xsbt.boot.Boot test"/><property name="jdk.debug" value="release"/><property name="sun.stderr.encoding" value="cp437"/><property name="java.specification.vendor" value="Oracle Corporation"/><property name="java.version.date" value="2021-09-14"/><property name="java.home" value="C:\Program Files\java\jdk-17"/><property name="file.separator" value="\"/><property name="java.vm.compressedOopsMode" value="32-bit"/><property name="line.separator" value="
"/><property name="sun.stdout.encoding" value="cp437"/><property name="java.vm.specification.vendor" value="Oracle Corporation"/><property name="java.specification.name" value="Java Platform API Specification"/><property name="user.script" value=""/><property name="sun.management.compiler" value="HotSpot 64-Bit Tiered Compilers"/><property name="java.runtime.version" value="17+35-2724"/><property name="user.name" value="HP"/><property name="log4j.ignoreTCL" value="true"/><property name="file.encoding" value="UTF-8"/><property name="jnidispatch.path" value="C:\Users\HP\AppData\Local\Temp\jna-2312\jna1496415467747118024.dll"/><property name="jna.loaded" value="true"/><property name="java.io.tmpdir" value="C:\Users\HP\AppData\Local\Temp\"/><property name="java.version" value="17"/><property name="java.vm.specification.name" value="Java Virtual Machine Specification"/><property name="sun.os.patch.level" value=""/><property name="native.encoding" value="Cp1252"/><property name="java.library.path" value="C:\Program Files\java\jdk-17\bin;C:\WINDOWS\Sun\Java\bin;C:\WINDOWS\system32;C:\WINDOWS;C:\Program Files\java\jdk-17\\bin;C:\Program Files (x86)\VMware\VMware Workstation\bin\;C:\WINDOWS\system32;C:\WINDOWS;C:\WINDOWS\System32\Wbem;C:\WINDOWS\System32\WindowsPowerShell\v1.0\;C:\WINDOWS\System32\OpenSSH\;C:\Program Files\PuTTY\;C:\Program Files\java\jdk-17\bin\;C:\Program Files\CMake\bin;C:\Program Files (x86)\Windows Kits\10\Windows Performance Toolkit\;C:\Program Files\dotnet\;C:\Program Files\Git\cmd;C:\Users\HP\AppData\Local\Microsoft\WindowsApps;C:\Users\HP\AppData\Local\Programs\MiKTeX\miktex\bin\x64\;C:\Program Files\JetBrains\IntelliJ IDEA 2023.2.3\bin;C:\Users\HP\AppData\Local\Programs\Microsoft VS Code\bin;C:\Users\HP\AppData\Local\GitHubDesktop\bin;C:\Users\HP\AppData\Local\Coursier\data\bin;C:\ghcup\bin;C:\Users\HP\AppData\Local\Microsoft\WindowsApps;."/><property name="java.vendor" value="Oracle Corporation"/><property name="scala.ext.dirs" value="C:\Users\HP\.sbt\1.0\java9-rt-ext-oracle_corporation_17"/><property name="sun.io.unicode.encoding" value="UnicodeLittle"/><property name="java.class.path" value="C:\Users\HP\AppData\Local\Coursier\cache\arc\https\github.com\sbt\sbt\releases\download\v1.9.9\sbt-1.9.9.zip\sbt\bin\sbt-launch.jar"/><property name="java.vm.vendor" value="Oracle Corporation"/><property name="user.variant" value=""/><property name="jline.shutdownhook" value="false"/><property name="user.timezone" value="Europe/Bucharest"/><property name="java.vm.specification.version" value="17"/><property name="os.name" value="Windows 10"/><property name="sun.java.launcher" value="SUN_STANDARD"/><property name="user.country" value="US"/><property name="sun.cpu.endian" value="little"/><property name="user.home" value="C:\Users\HP"/><property name="user.language" value="en"/><property name="sbt.ipcsocket.tmpdir" value="C:\Users\HP\AppData\Local\Temp\.sbt4d04f2f9\ipcsocket"/><property name="swoval.tmpdir" value="C:\Users\HP\AppData\Local\Temp\.sbt4d04f2f9\swoval"/><property name="jline.esc.timeout" value="0"/><property name="path.separator" value=";"/><property name="os.version" value="10.0"/><property name="jna.nosys" value="true"/><property name="java.runtime.name" value="OpenJDK Runtime Environment"/><property name="java.vm.name" value="OpenJDK 64-Bit Server VM"/><property name="java.vendor.url.bug" value="https://bugreport.java.com/bugreport/"/><property name="user.dir" value="C:\Users\HP\IdeaProjects\skel2"/><property name="os.arch" value="amd64"/><property name="java.vm.info" value="mixed mode, sharing"/><property name="java.vm.version" value="17+35-2724"/><property name="java.class.version" value="61.0"/>
    </properties>
          <testcase classname="TestFilter" name="implicit 1" time="0.132">
                      
                    </testcase><testcase classname="TestFilter" name="syntactic sugars 1" time="0.027">
                      
                    </testcase><testcase classname="TestFilter" name="syntactic sugars 2" time="0.053">
                      
                    </testcase><testcase classname="TestFilter" name="syntactic sugars 3" time="0.035">
                      
                    </testcase><testcase classname="TestFilter" name="syntactic sugars 4" time="0.009">
                      
                    </testcase><testcase classname="TestFilter" name="eval 1" time="0.004">
                      
                    </testcase><testcase classname="TestFilter" name="eval 2" time="0.005">
                      
                    </testcase><testcase classname="TestFilter" name="eval 3" time="0.002">
                      
                    </testcase><testcase classname="TestFilter" name="eval 4" time="0.006">
                      
                    </testcase><testcase classname="TestFilter" name="eval 5" time="0.004">
                      
                    </testcase><testcase classname="TestFilter" name="eval 6" time="0.01">
                      
                    </testcase><testcase classname="TestFilter" name="eval 7" time="0.022">
                      
                    </testcase><testcase classname="TestFilter" name="eval 8" time="0.017">
                      
                    </testcase>
          <system-out><![CDATA[]]></system-out>
          <system-err><![CDATA[]]></system-err>
        </testsuite>